<?xml version="1.0" encoding="UTF-8"?>
<!-- Generated by org.testng.reporters.JUnitXMLReporter -->
<testsuite ignored="1" hostname="DESKTOP-H5CHME6" failures="0" tests="3" name="example1" time="20.132" errors="0" timestamp="2023-06-18T20:38:41 IST">
  <testcase classname="pages.ParameterByITestContextInDataprovider" name="testMethodA" time="3.938"/>
  <testcase classname="pages.ParameterByITestContextInDataprovider" name="testMethodA" time="3.322"/>
  <testcase classname="pages.ParameterByITestContextInDataprovider" name="testMethodA" time="3.329"/>
  <testcase classname="pages.ParameterByITestContextInDataprovider" name="testMethodB" time="0.0">
    <ignored/>
  </testcase> <!-- testMethodB -->
</testsuite> <!-- example1 -->
