<?xml version="1.0" encoding="UTF-8"?>
<!-- Generated by org.testng.reporters.JUnitXMLReporter -->
<testsuite ignored="1" hostname="DESKTOP-H5CHME6" failures="0" tests="3" name="example2" time="29.567" errors="0" timestamp="2023-06-18T20:39:11 IST">
  <testcase classname="pages.ParameterByITestContextInDataprovider" name="testMethodB" time="4.885"/>
  <testcase classname="pages.ParameterByITestContextInDataprovider" name="testMethodB" time="4.199"/>
  <testcase classname="pages.ParameterByITestContextInDataprovider" name="testMethodB" time="4.253"/>
  <testcase classname="pages.ParameterByITestContextInDataprovider" name="testMethodA" time="0.0">
    <ignored/>
  </testcase> <!-- testMethodA -->
</testsuite> <!-- example2 -->
