<?xml version="1.0" encoding="UTF-8"?>
<testng-results ignored="0" total="2" passed="2" failed="0" skipped="0">
  <reporter-output>
  </reporter-output>
  <suite started-at="2023-06-21T17:31:17 IST" name="Default suite" finished-at="2023-06-21T17:31:18 IST" duration-ms="745">
    <groups>
    </groups>
    <test started-at="2023-06-21T17:31:17 IST" name="Default test" finished-at="2023-06-21T17:31:18 IST" duration-ms="745">
      <class name="pages.SimpleTest">
        <test-method signature="simpleTest()[pri:0, instance:pages.SimpleTest@48075da3, instance params:[]]" started-at="2023-06-21T17:31:17 IST" name="simpleTest" finished-at="2023-06-21T17:31:17 IST" duration-ms="241" status="PASS">
          <reporter-output>
          </reporter-output>
        </test-method> <!-- simpleTest -->
        <test-method signature="simpleTest()[pri:0, instance:pages.SimpleTest@8458f04, instance params:[]]" started-at="2023-06-21T17:31:18 IST" name="simpleTest" finished-at="2023-06-21T17:31:18 IST" duration-ms="10" status="PASS">
          <reporter-output>
          </reporter-output>
        </test-method> <!-- simpleTest -->
      </class> <!-- pages.SimpleTest -->
    </test> <!-- Default test -->
  </suite> <!-- Default suite -->
</testng-results>
